
/home/runner/work/exp-a-star-iiith/exp-a-star-iiith/experiment/simulation/js/data.js
    1:1    warning  'cwidth' is not defined                          no-undef
    1:10   warning  'canv' is not defined                            no-undef
    2:1    warning  'cheight' is not defined                         no-undef
    2:11   warning  'canv' is not defined                            no-undef
    5:5    warning  'heuristics' is assigned a value but never used  no-unused-vars
    7:5    warning  'graphs' is assigned a value but never used      no-unused-vars
    9:9    warning  'cwidth' is not defined                          no-undef
    9:18   warning  'canv' is not defined                            no-undef
   10:9    warning  'cheight' is not defined                         no-undef
   10:19   warning  'canv' is not defined                            no-undef
   15:9    warning  'cities' is not defined                          no-undef
   16:26   warning  'cwidth' is not defined                          no-undef
   16:46   warning  'cheight' is not defined                         no-undef
   17:26   warning  'cwidth' is not defined                          no-undef
   17:46   warning  'cheight' is not defined                         no-undef
   18:26   warning  'cwidth' is not defined                          no-undef
   18:46   warning  'cheight' is not defined                         no-undef
   19:26   warning  'cwidth' is not defined                          no-undef
   19:46   warning  'cheight' is not defined                         no-undef
   20:26   warning  'cwidth' is not defined                          no-undef
   20:45   warning  'cheight' is not defined                         no-undef
   23:9    warning  'citiesGraph' is not defined                     no-undef
   31:29   warning  'cities' is not defined                          no-undef
   32:13   warning  'nodes' is not defined                           no-undef
   32:24   warning  'cities' is not defined                          no-undef
   33:13   warning  'edges' is not defined                           no-undef
   36:18   warning  'i' is already defined                           no-redeclare
   36:29   warning  'citiesGraph' is not defined                     no-undef
   37:13   warning  'edges' is not defined                           no-undef
   37:19   warning  'citiesGraph' is not defined                     no-undef
   37:44   warning  'citiesGraph' is not defined                     no-undef
   37:63   warning  'citiesGraph' is not defined                     no-undef
   38:13   warning  'edges' is not defined                           no-undef
   38:19   warning  'citiesGraph' is not defined                     no-undef
   38:44   warning  'citiesGraph' is not defined                     no-undef
   38:63   warning  'citiesGraph' is not defined                     no-undef
   41:14   warning  'n' is not defined                               no-undef
   41:21   warning  'n' is not defined                               no-undef
   41:25   warning  'nodes' is not defined                           no-undef
   41:39   warning  'n' is not defined                               no-undef
   42:13   warning  'exist' is not defined                           no-undef
   45:9    warning  'n' is not defined                               no-undef
   49:9    warning  'cwidth' is not defined                          no-undef
   49:18   warning  'canv' is not defined                            no-undef
   50:9    warning  'cheight' is not defined                         no-undef
   50:19   warning  'canv' is not defined                            no-undef
   53:9    warning  'cities' is not defined                          no-undef
   54:26   warning  'cwidth' is not defined                          no-undef
   54:46   warning  'cheight' is not defined                         no-undef
   55:26   warning  'cwidth' is not defined                          no-undef
   55:46   warning  'cheight' is not defined                         no-undef
   56:26   warning  'cwidth' is not defined                          no-undef
   56:46   warning  'cheight' is not defined                         no-undef
   57:26   warning  'cwidth' is not defined                          no-undef
   57:46   warning  'cheight' is not defined                         no-undef
   58:26   warning  'cwidth' is not defined                          no-undef
   58:46   warning  'cheight' is not defined                         no-undef
   59:26   warning  'cwidth' is not defined                          no-undef
   59:46   warning  'cheight' is not defined                         no-undef
   60:26   warning  'cwidth' is not defined                          no-undef
   60:46   warning  'cheight' is not defined                         no-undef
   61:26   warning  'cwidth' is not defined                          no-undef
   61:46   warning  'cheight' is not defined                         no-undef
   62:26   warning  'cwidth' is not defined                          no-undef
   62:46   warning  'cheight' is not defined                         no-undef
   65:9    warning  'citiesGraph' is not defined                     no-undef
   87:29   warning  'cities' is not defined                          no-undef
   88:13   warning  'nodes' is not defined                           no-undef
   88:24   warning  'cities' is not defined                          no-undef
   89:13   warning  'edges' is not defined                           no-undef
   92:18   warning  'i' is already defined                           no-redeclare
   92:29   warning  'citiesGraph' is not defined                     no-undef
   93:13   warning  'edges' is not defined                           no-undef
   93:19   warning  'citiesGraph' is not defined                     no-undef
   93:44   warning  'citiesGraph' is not defined                     no-undef
   93:63   warning  'citiesGraph' is not defined                     no-undef
   94:13   warning  'edges' is not defined                           no-undef
   94:19   warning  'citiesGraph' is not defined                     no-undef
   94:44   warning  'citiesGraph' is not defined                     no-undef
   94:63   warning  'citiesGraph' is not defined                     no-undef
   96:13   warning  'd' is not defined                               no-undef
   96:17   warning  'dist' is not defined                            no-undef
   96:22   warning  'nodes' is not defined                           no-undef
   96:28   warning  'citiesGraph' is not defined                     no-undef
   96:51   warning  'nodes' is not defined                           no-undef
   96:57   warning  'citiesGraph' is not defined                     no-undef
   96:80   warning  'nodes' is not defined                           no-undef
   96:86   warning  'citiesGraph' is not defined                     no-undef
   96:109  warning  'nodes' is not defined                           no-undef
   96:115  warning  'citiesGraph' is not defined                     no-undef
   97:13   warning  'd' is not defined                               no-undef
   97:27   warning  'd' is not defined                               no-undef
   98:43   warning  'citiesGraph' is not defined                     no-undef
   98:68   warning  'citiesGraph' is not defined                     no-undef
   98:93   warning  'd' is not defined                               no-undef
  101:14   warning  'n' is not defined                               no-undef
  101:21   warning  'n' is not defined                               no-undef
  101:25   warning  'nodes' is not defined                           no-undef
  101:39   warning  'n' is not defined                               no-undef
  102:13   warning  'exist' is not defined                           no-undef
  116:9    warning  'n' is not defined                               no-undef
  120:9    warning  'cities' is not defined                          no-undef
  121:24   warning  'cwidth' is not defined                          no-undef
  121:42   warning  'cheight' is not defined                         no-undef
  122:24   warning  'cwidth' is not defined                          no-undef
  122:41   warning  'cheight' is not defined                         no-undef
  123:24   warning  'cwidth' is not defined                          no-undef
  123:42   warning  'cheight' is not defined                         no-undef
  124:24   warning  'cwidth' is not defined                          no-undef
  124:42   warning  'cheight' is not defined                         no-undef
  125:24   warning  'cwidth' is not defined                          no-undef
  125:42   warning  'cheight' is not defined                         no-undef
  126:24   warning  'cwidth' is not defined                          no-undef
  126:42   warning  'cheight' is not defined                         no-undef
  127:24   warning  'cwidth' is not defined                          no-undef
  127:42   warning  'cheight' is not defined                         no-undef
  130:9    warning  'citiesGraph' is not defined                     no-undef
  144:29   warning  'cities' is not defined                          no-undef
  145:13   warning  'nodes' is not defined                           no-undef
  145:24   warning  'cities' is not defined                          no-undef
  146:13   warning  'edges' is not defined                           no-undef
  149:18   warning  'i' is already defined                           no-redeclare
  149:29   warning  'citiesGraph' is not defined                     no-undef
  150:13   warning  'edges' is not defined                           no-undef
  150:19   warning  'citiesGraph' is not defined                     no-undef
  150:44   warning  'citiesGraph' is not defined                     no-undef
  150:63   warning  'citiesGraph' is not defined                     no-undef
  151:13   warning  'edges' is not defined                           no-undef
  151:19   warning  'citiesGraph' is not defined                     no-undef
  151:44   warning  'citiesGraph' is not defined                     no-undef
  151:63   warning  'citiesGraph' is not defined                     no-undef
  154:14   warning  'n' is not defined                               no-undef
  154:21   warning  'n' is not defined                               no-undef
  154:25   warning  'nodes' is not defined                           no-undef
  154:39   warning  'n' is not defined                               no-undef
  155:13   warning  'exist' is not defined                           no-undef
  158:9    warning  'n' is not defined                               no-undef

/home/runner/work/exp-a-star-iiith/exp-a-star-iiith/experiment/simulation/js/delta_refresh.js
   4:6    warning  'canv' is not defined                 no-undef
   4:20   warning  'canv' is not defined                 no-undef
   4:40   warning  'canv' is not defined                 no-undef
   4:55   warning  'canv' is not defined                 no-undef
   5:3    warning  'canv' is not defined                 no-undef
   5:16   warning  'canv' is not defined                 no-undef
   6:3    warning  'canv' is not defined                 no-undef
   6:17   warning  'canv' is not defined                 no-undef
   7:3    warning  'preset' is not defined               no-undef
  13:5    warning  'drawField' is not defined            no-undef
  15:15   warning  'exist' is not defined                no-undef
  18:112  warning  'exist' is not defined                no-undef
  25:15   warning  'exist' is not defined                no-undef
  28:112  warning  'exist' is not defined                no-undef
  52:66   warning  'visit' is not defined                no-undef
  54:9    warning  'visited' is not defined              no-undef
  55:19   warning  'visited' is not defined              no-undef
  55:27   warning  'visited' is not defined              no-undef
  59:13   warning  'visiting_string' is already defined  no-redeclare
  68:57   warning  'visit' is not defined                no-undef
  68:71   warning  'visit' is not defined                no-undef
  69:23   warning  'path' is not defined                 no-undef
  70:55   warning  'path' is not defined                 no-undef
  78:13   warning  'started' is not defined              no-undef
  79:13   warning  'nuxtdis' is not defined              no-undef
  83:17   warning  'refreshIntervalId' is not defined    no-undef
  83:49   warning  'UCS' is not defined                  no-undef
  83:63   warning  'input' is not defined                no-undef
  88:16   warning  'refreshIntervalId' is not defined    no-undef
  89:23   warning  'refreshIntervalId' is not defined    no-undef
  90:9    warning  'nuxtdis' is not defined              no-undef
  96:9    warning  'isQuestion' is not defined           no-undef

/home/runner/work/exp-a-star-iiith/exp-a-star-iiith/experiment/simulation/js/graph.js
    7:11  warning  'canvas' is not defined                            no-undef
    8:7   warning  'input' is assigned a value but never used         no-unused-vars
   12:5   warning  'type' is assigned a value but never used          no-unused-vars
   19:5   warning  'path_edges' is assigned a value but never used    no-unused-vars
   20:5   warning  'parent' is assigned a value but never used        no-unused-vars
   21:5   warning  'costSoFar' is assigned a value but never used     no-unused-vars
   26:5   warning  'visited_edge' is assigned a value but never used  no-unused-vars
   28:5   warning  'isWeigted' is assigned a value but never used     no-unused-vars
   29:5   warning  'edgeAdded' is assigned a value but never used     no-unused-vars
   32:5   warning  'SN' is assigned a value but never used            no-unused-vars
   44:9   warning  'heuristics' is not defined                        no-undef
   49:5   warning  'heuristics' is not defined                        no-undef
   64:9   warning  'heuristics' is not defined                        no-undef
   65:9   warning  'renderHeuristics' is not defined                  no-undef
   73:13  warning  'lower_bound_cost' is not defined                  no-undef
   73:41  warning  'heuristics' is not defined                        no-undef
   73:60  warning  'heuristics' is not defined                        no-undef
   74:52  warning  'lower_bound_cost' is not defined                  no-undef
  116:9   warning  'y' is not defined                                 no-undef
  117:9   warning  'v' is not defined                                 no-undef
  117:21  warning  'y' is not defined                                 no-undef
  118:9   warning  'v' is not defined                                 no-undef
  120:24  warning  'y' is not defined                                 no-undef
  126:7   warning  'v' is not defined                                 no-undef
  131:20  warning  'v' is not defined                                 no-undef
  133:62  warning  '_' is defined but never used                      no-unused-vars
  133:83  warning  'v' is not defined                                 no-undef
  142:57  warning  'v' is not defined                                 no-undef
  143:39  warning  'v' is not defined                                 no-undef
  144:27  warning  'v' is not defined                                 no-undef
  146:27  warning  Empty block statement                              no-empty
  155:63  warning  '_' is defined but never used                      no-unused-vars
  155:84  warning  'v' is not defined                                 no-undef
  156:23  warning  'v' is not defined                                 no-undef
  156:34  warning  'v' is not defined                                 no-undef
  156:57  warning  '_' is defined but never used                      no-unused-vars
  162:5   warning  'renderHeuristics' is not defined                  no-undef
  174:18  warning  'e' is defined but never used                      no-unused-vars
  223:5   warning  'started' is not defined                           no-undef
  224:5   warning  'curr' is not defined                              no-undef
  225:5   warning  'e' is not defined                                 no-undef
  226:5   warning  'ep' is not defined                                no-undef
  227:5   warning  'visit' is not defined                             no-undef
  228:5   warning  'weight' is not defined                            no-undef
  234:5   warning  'started' is not defined                           no-undef
  235:5   warning  'isQuestion' is not defined                        no-undef
  236:5   warning  'isObservation' is not defined                     no-undef
  237:5   warning  'EndVect' is not defined                           no-undef
  238:5   warning  'noEdges' is not defined                           no-undef
  239:5   warning  'oneshotAuto' is not defined                       no-undef
  240:9   warning  'refreshIntervalId' is not defined                 no-undef
  240:50  warning  'refreshIntervalId' is not defined                 no-undef
  241:5   warning  'refreshIntervalId' is not defined                 no-undef
  246:9   warning  'NoQuestion' is not defined                        no-undef
  276:7   warning  'px' is already defined                            no-redeclare
  277:7   warning  'py' is already defined                            no-redeclare
  306:10  warning  'drawField' is defined but never used              no-unused-vars
  336:14  warning  'i' is already defined                             no-redeclare
  345:22  warning  'k' is already defined                             no-redeclare
  345:33  warning  'visit' is not defined                             no-undef
  347:21  warning  'visit' is not defined                             no-undef
  359:22  warning  'curr' is not defined                              no-undef
  359:77  warning  'curr' is not defined                              no-undef
  369:22  warning  'k' is already defined                             no-redeclare
  370:45  warning  'curr' is not defined                              no-undef
  377:22  warning  'curr' is not defined                              no-undef
  411:9   warning  'used' is not defined                              no-undef
  413:9   warning  'used' is not defined                              no-undef
  416:5   warning  'used' is not defined                              no-undef
  423:30  warning  'used' is not defined                              no-undef
  424:17  warning  'used' is not defined                              no-undef
  446:10  warning  'force' is defined but never used                  no-unused-vars
  458:14  warning  'i' is already defined                             no-redeclare
  460:22  warning  'j' is already defined                             no-redeclare
  474:14  warning  'i' is already defined                             no-redeclare
  482:14  warning  'i' is already defined                             no-redeclare

/home/runner/work/exp-a-star-iiith/exp-a-star-iiith/experiment/simulation/js/main.js
    4:5    warning  'nuxtdis' is assigned a value but never used        no-unused-vars
    7:5    warning  'isObservation' is assigned a value but never used  no-unused-vars
    9:17   warning  'PriorityQueue' is not defined                      no-undef
   10:5    warning  'explored' is assigned a value but never used       no-unused-vars
   12:5    warning  'SN' is assigned a value but never used             no-unused-vars
   22:36   warning  'edges' is not defined                              no-undef
   38:5    warning  'path_data' is not defined                          no-undef
   39:5    warning  'path' is not defined                               no-undef
   39:12   warning  'path_data' is not defined                          no-undef
   40:5    warning  'path_edges' is not defined                         no-undef
   40:18   warning  'path_data' is not defined                          no-undef
   46:9    warning  'NoQuestion' is not defined                         no-undef
   47:9    warning  'addEventListeners' is not defined                  no-undef
   53:10   warning  'setHeuristics' is defined but never used           no-unused-vars
   54:10   warning  'n' is not defined                                  no-undef
   54:17   warning  'n' is not defined                                  no-undef
   54:21   warning  'nodes' is not defined                              no-undef
   54:35   warning  'n' is not defined                                  no-undef
   55:45   warning  'nodes' is not defined                              no-undef
   55:59   warning  'nodes' is not defined                              no-undef
   56:12   warning  'n' is not defined                                  no-undef
   56:23   warning  'exist' is not defined                              no-undef
   56:29   warning  'n' is not defined                                  no-undef
   58:33   warning  'n' is not defined                                  no-undef
   58:50   warning  'nodes' is not defined                              no-undef
   58:56   warning  'n' is not defined                                  no-undef
   58:63   warning  'nodes' is not defined                              no-undef
   58:69   warning  'n' is not defined                                  no-undef
   59:13   warning  'd' is not defined                                  no-undef
   59:17   warning  'dist' is not defined                               no-undef
   59:22   warning  'nodes' is not defined                              no-undef
   59:28   warning  'n' is not defined                                  no-undef
   59:35   warning  'nodes' is not defined                              no-undef
   59:41   warning  'n' is not defined                                  no-undef
   59:48   warning  'nodes' is not defined                              no-undef
   59:62   warning  'nodes' is not defined                              no-undef
   60:13   warning  'd' is not defined                                  no-undef
   60:27   warning  'd' is not defined                                  no-undef
   61:43   warning  'n' is not defined                                  no-undef
   61:62   warning  'd' is not defined                                  no-undef
   62:13   warning  'heuristics' is not defined                         no-undef
   62:24   warning  'n' is not defined                                  no-undef
   62:29   warning  'd' is not defined                                  no-undef
   65:5    warning  'heuristics' is not defined                         no-undef
   74:10   warning  'n' is not defined                                  no-undef
   74:17   warning  'n' is not defined                                  no-undef
   74:21   warning  'nodes' is not defined                              no-undef
   74:35   warning  'n' is not defined                                  no-undef
   75:13   warning  'heuristics' is not defined                         no-undef
   75:24   warning  'n' is not defined                                  no-undef
   77:40   warning  'n' is not defined                                  no-undef
   77:51   warning  'heuristics' is not defined                         no-undef
   77:62   warning  'n' is not defined                                  no-undef
   84:10   warning  'UCS' is defined but never used                     no-unused-vars
   86:9    warning  'edgeAdded' is not defined                          no-undef
   87:8    warning  'isQuestion' is not defined                         no-undef
   91:14   warning  'exist' is not defined                              no-undef
   91:25   warning  'visited' is not defined                            no-undef
   96:9    warning  'path_data' is not defined                          no-undef
   97:9    warning  'path' is not defined                               no-undef
   97:16   warning  'path_data' is not defined                          no-undef
   98:9    warning  'path_edges' is not defined                         no-undef
   98:22   warning  'path_data' is not defined                          no-undef
   99:27   warning  'path' is not defined                               no-undef
  100:33   warning  'path_edges' is not defined                         no-undef
  112:13   warning  'path_string' is already defined                    no-redeclare
  113:29   warning  'path' is not defined                               no-undef
  114:28   warning  'path' is not defined                               no-undef
  117:13   warning  'path_edges_string' is already defined              no-redeclare
  118:18   warning  'i' is already defined                              no-redeclare
  118:29   warning  'path_edges' is not defined                         no-undef
  119:34   warning  'path_edges' is not defined                         no-undef
  122:17   warning  'costSoFar' is not defined                          no-undef
  123:17   warning  'heuristics' is not defined                         no-undef
  131:9    warning  'trav_circle' is not defined                        no-undef
  132:9    warning  'visited' is not defined                            no-undef
  139:14   warning  'NoQuestion' is not defined                         no-undef
  142:24   warning  'chance' is not defined                             no-undef
  143:17   warning  'isQuestion' is not defined                         no-undef
  144:17   warning  'question' is not defined                           no-undef
  148:13   warning  'edges' is not defined                              no-undef
  152:33   warning  'edges' is not defined                              no-undef
  154:38   warning  'costSoFar' is not defined                          no-undef
  156:17   warning  'exist' is not defined                              no-undef
  162:17   warning  'visited' is not defined                            no-undef
  162:70   warning  'costSoFar' is not defined                          no-undef
  162:103  warning  'costSoFar' is not defined                          no-undef
  163:17   warning  'costSoFar' is not defined                          no-undef
  164:46   warning  'heuristics' is not defined                         no-undef

/home/runner/work/exp-a-star-iiith/exp-a-star-iiith/experiment/simulation/js/mvcircle.js
  25:7    warning  'ctx' is not defined                     no-undef
  25:23   warning  'edgeD' is not defined                   no-undef
  26:7    warning  'ctx' is not defined                     no-undef
  27:7    warning  'ctx' is not defined                     no-undef
  28:7    warning  'ctx' is not defined                     no-undef
  28:137  warning  'nodeR' is not defined                   no-undef
  29:7    warning  'ctx' is not defined                     no-undef
  35:16   warning  'nuxtdis' is not defined                 no-undef
  39:12   warning  'trav_circle' is defined but never used  no-unused-vars
  45:14   warning  'nodes' is not defined                   no-undef
  46:12   warning  'nodes' is not defined                   no-undef
  47:14   warning  'nodes' is not defined                   no-undef
  48:12   warning  'nodes' is not defined                   no-undef

/home/runner/work/exp-a-star-iiith/exp-a-star-iiith/experiment/simulation/js/preset.js
   5:8   warning  'NoQuestion' is not defined  no-undef
   8:29  warning  'graphs' is not defined      no-undef
  15:5   warning  'cclear' is not defined      no-undef
  16:5   warning  'graphs' is not defined      no-undef

/home/runner/work/exp-a-star-iiith/exp-a-star-iiith/experiment/simulation/js/priority_queue.js
  1:7  warning  'PriorityQueue' is defined but never used  no-unused-vars

/home/runner/work/exp-a-star-iiith/exp-a-star-iiith/experiment/simulation/js/question.js
   2:5   warning  'isQuestion' is assigned a value but never used  no-unused-vars
   4:5   warning  'NoQuestion' is assigned a value but never used  no-unused-vars
   5:5   warning  'chance' is assigned a value but never used      no-unused-vars
  22:10  warning  'question' is defined but never used             no-unused-vars
  27:10  warning  'submit' is defined but never used               no-unused-vars

✖ 357 problems (0 errors, 357 warnings)

